<?xml version="1.0" encoding="UTF-8"?>
<coverage generated="1505674868293" clover="3.2.0">
  <project timestamp="1505674868293" name="All files">
    <metrics statements="33" coveredstatements="19" conditionals="6" coveredconditionals="3" methods="10" coveredmethods="7" elements="49" coveredelements="29" complexity="0" loc="33" ncloc="33" packages="2" files="4" classes="4">
      <package name="components">
        <metrics statements="33" coveredstatements="19" conditionals="6" coveredconditionals="3" methods="10" coveredmethods="7"/>
        <file name="TblData.js" path="/Users/apple/Desktop/quantedge_test_react_2/app/components/TblData.js">
          <metrics statements="26" coveredstatements="13" conditionals="6" coveredconditionals="3" methods="7" coveredmethods="5"/>
          <line num="10" count="2" type="stmt"/>
          <line num="15" count="1" type="stmt"/>
          <line num="16" count="1" type="stmt"/>
          <line num="22" count="0" type="stmt"/>
          <line num="24" count="0" type="stmt"/>
          <line num="25" count="0" type="stmt"/>
          <line num="26" count="0" type="stmt"/>
          <line num="27" count="0" type="stmt"/>
          <line num="28" count="0" type="stmt"/>
          <line num="29" count="0" type="stmt"/>
          <line num="30" count="0" type="stmt"/>
          <line num="31" count="0" type="stmt"/>
          <line num="32" count="0" type="stmt"/>
          <line num="34" count="0" type="stmt"/>
          <line num="40" count="1" type="stmt"/>
          <line num="44" count="1" type="stmt"/>
          <line num="45" count="136" type="cond" truecount="1" falsecount="1"/>
          <line num="46" count="0" type="stmt"/>
          <line num="48" count="136" type="cond" truecount="1" falsecount="1"/>
          <line num="49" count="136" type="stmt"/>
          <line num="52" count="30" type="stmt"/>
          <line num="53" count="30" type="cond" truecount="1" falsecount="1"/>
          <line num="54" count="0" type="stmt"/>
          <line num="56" count="30" type="stmt"/>
          <line num="57" count="30" type="stmt"/>
          <line num="69" count="1" type="stmt"/>
        </file>
        <file name="TblHeader.js" path="/Users/apple/Desktop/quantedge_test_react_2/app/components/TblHeader.js">
          <metrics statements="3" coveredstatements="3" conditionals="0" coveredconditionals="0" methods="1" coveredmethods="1"/>
          <line num="9" count="2" type="stmt"/>
          <line num="10" count="1" type="stmt"/>
          <line num="24" count="2" type="stmt"/>
        </file>
        <file name="Wrapper.js" path="/Users/apple/Desktop/quantedge_test_react_2/app/components/Wrapper.js">
          <metrics statements="4" coveredstatements="3" conditionals="0" coveredconditionals="0" methods="2" coveredmethods="1"/>
          <line num="6" count="1" type="stmt"/>
          <line num="18" count="0" type="stmt"/>
          <line num="22" count="1" type="stmt"/>
          <line num="40" count="1" type="stmt"/>
        </file>
      </package>
      <package name="data">
        <metrics statements="0" coveredstatements="0" conditionals="0" coveredconditionals="0" methods="0" coveredmethods="0"/>
        <file name="data.js" path="/Users/apple/Desktop/quantedge_test_react_2/app/data/data.js">
          <metrics statements="0" coveredstatements="0" conditionals="0" coveredconditionals="0" methods="0" coveredmethods="0"/>
        </file>
      </package>
    </metrics>
  </project>
</coverage>
