{"/Users/apple/Desktop/quantedge_test_react_2/app/components/TblData.js": {"path":"/Users/apple/Desktop/quantedge_test_react_2/app/components/TblData.js","statementMap":{"0":{"start":{"line":10,"column":19},"end":{"line":10,"column":49}},"1":{"start":{"line":15,"column":8},"end":{"line":15,"column":21}},"2":{"start":{"line":16,"column":8},"end":{"line":19,"column":9}},"3":{"start":{"line":22,"column":20},"end":{"line":22,"column":40}},"4":{"start":{"line":24,"column":8},"end":{"line":33,"column":10}},"5":{"start":{"line":25,"column":24},"end":{"line":25,"column":46}},"6":{"start":{"line":26,"column":25},"end":{"line":26,"column":77}},"7":{"start":{"line":27,"column":32},"end":{"line":27,"column":72}},"8":{"start":{"line":28,"column":31},"end":{"line":28,"column":61}},"9":{"start":{"line":29,"column":12},"end":{"line":29,"column":33}},"10":{"start":{"line":30,"column":12},"end":{"line":30,"column":47}},"11":{"start":{"line":31,"column":12},"end":{"line":31,"column":82}},"12":{"start":{"line":32,"column":12},"end":{"line":32,"column":67}},"13":{"start":{"line":34,"column":8},"end":{"line":36,"column":10}},"14":{"start":{"line":40,"column":7},"end":{"line":40,"column":48}},"15":{"start":{"line":44,"column":19},"end":{"line":67,"column":10}},"16":{"start":{"line":45,"column":12},"end":{"line":47,"column":13}},"17":{"start":{"line":46,"column":16},"end":{"line":46,"column":67}},"18":{"start":{"line":48,"column":12},"end":{"line":50,"column":13}},"19":{"start":{"line":49,"column":16},"end":{"line":49,"column":67}},"20":{"start":{"line":52,"column":28},"end":{"line":52,"column":38}},"21":{"start":{"line":53,"column":12},"end":{"line":55,"column":13}},"22":{"start":{"line":54,"column":16},"end":{"line":54,"column":39}},"23":{"start":{"line":56,"column":24},"end":{"line":56,"column":61}},"24":{"start":{"line":57,"column":12},"end":{"line":66,"column":13}},"25":{"start":{"line":69,"column":8},"end":{"line":75,"column":9}}},"fnMap":{"0":{"name":"(anonymous_0)","decl":{"start":{"line":14,"column":4},"end":{"line":14,"column":5}},"loc":{"start":{"line":14,"column":23},"end":{"line":20,"column":5}},"line":14},"1":{"name":"(anonymous_1)","decl":{"start":{"line":21,"column":4},"end":{"line":21,"column":5}},"loc":{"start":{"line":21,"column":13},"end":{"line":37,"column":5}},"line":21},"2":{"name":"(anonymous_2)","decl":{"start":{"line":24,"column":18},"end":{"line":24,"column":19}},"loc":{"start":{"line":24,"column":26},"end":{"line":33,"column":9}},"line":24},"3":{"name":"(anonymous_3)","decl":{"start":{"line":39,"column":4},"end":{"line":39,"column":5}},"loc":{"start":{"line":39,"column":25},"end":{"line":41,"column":5}},"line":39},"4":{"name":"(anonymous_4)","decl":{"start":{"line":43,"column":4},"end":{"line":43,"column":5}},"loc":{"start":{"line":43,"column":13},"end":{"line":76,"column":5}},"line":43},"5":{"name":"(anonymous_5)","decl":{"start":{"line":44,"column":45},"end":{"line":44,"column":46}},"loc":{"start":{"line":44,"column":55},"end":{"line":51,"column":9}},"line":44},"6":{"name":"(anonymous_6)","decl":{"start":{"line":51,"column":15},"end":{"line":51,"column":16}},"loc":{"start":{"line":51,"column":23},"end":{"line":67,"column":9}},"line":51}},"branchMap":{"0":{"loc":{"start":{"line":45,"column":12},"end":{"line":47,"column":13}},"type":"if","locations":[{"start":{"line":45,"column":12},"end":{"line":47,"column":13}},{"start":{"line":45,"column":12},"end":{"line":47,"column":13}}],"line":45},"1":{"loc":{"start":{"line":48,"column":12},"end":{"line":50,"column":13}},"type":"if","locations":[{"start":{"line":48,"column":12},"end":{"line":50,"column":13}},{"start":{"line":48,"column":12},"end":{"line":50,"column":13}}],"line":48},"2":{"loc":{"start":{"line":53,"column":12},"end":{"line":55,"column":13}},"type":"if","locations":[{"start":{"line":53,"column":12},"end":{"line":55,"column":13}},{"start":{"line":53,"column":12},"end":{"line":55,"column":13}}],"line":53}},"s":{"0":2,"1":1,"2":1,"3":0,"4":0,"5":0,"6":0,"7":0,"8":0,"9":0,"10":0,"11":0,"12":0,"13":0,"14":1,"15":1,"16":136,"17":0,"18":136,"19":136,"20":30,"21":30,"22":0,"23":30,"24":30,"25":1},"f":{"0":1,"1":0,"2":0,"3":1,"4":1,"5":136,"6":30},"b":{"0":[0,136],"1":[136,0],"2":[0,30]},"_coverageSchema":"332fd63041d2c1bcb487cc26dd0d5f7d97098a6c","hash":"c522cf9487c215b5306f2704399066b55ff1d9ef"}
,"/Users/apple/Desktop/quantedge_test_react_2/app/components/TblHeader.js": {"path":"/Users/apple/Desktop/quantedge_test_react_2/app/components/TblHeader.js","statementMap":{"0":{"start":{"line":9,"column":18},"end":{"line":22,"column":1}},"1":{"start":{"line":10,"column":4},"end":{"line":21,"column":12}},"2":{"start":{"line":24,"column":0},"end":{"line":24,"column":27}}},"fnMap":{"0":{"name":"(anonymous_0)","decl":{"start":{"line":9,"column":18},"end":{"line":9,"column":19}},"loc":{"start":{"line":10,"column":4},"end":{"line":21,"column":12}},"line":10}},"branchMap":{},"s":{"0":2,"1":1,"2":2},"f":{"0":1},"b":{},"_coverageSchema":"332fd63041d2c1bcb487cc26dd0d5f7d97098a6c","hash":"d3aeb68a45280a75a2a9018b4847628b6684c150"}
,"/Users/apple/Desktop/quantedge_test_react_2/app/components/Wrapper.js": {"path":"/Users/apple/Desktop/quantedge_test_react_2/app/components/Wrapper.js","statementMap":{"0":{"start":{"line":6,"column":15},"end":{"line":14,"column":1}},"1":{"start":{"line":18,"column":8},"end":{"line":18,"column":42}},"2":{"start":{"line":22,"column":8},"end":{"line":37,"column":9}},"3":{"start":{"line":40,"column":0},"end":{"line":40,"column":25}}},"fnMap":{"0":{"name":"(anonymous_0)","decl":{"start":{"line":17,"column":4},"end":{"line":17,"column":5}},"loc":{"start":{"line":17,"column":13},"end":{"line":19,"column":5}},"line":17},"1":{"name":"(anonymous_1)","decl":{"start":{"line":21,"column":4},"end":{"line":21,"column":5}},"loc":{"start":{"line":21,"column":13},"end":{"line":38,"column":5}},"line":21}},"branchMap":{},"s":{"0":1,"1":0,"2":1,"3":1},"f":{"0":0,"1":1},"b":{},"_coverageSchema":"332fd63041d2c1bcb487cc26dd0d5f7d97098a6c","hash":"253bd5cea867f4ad792ef0676c65c4d52d557931"}
,"/Users/apple/Desktop/quantedge_test_react_2/app/data/data.js": {"path":"/Users/apple/Desktop/quantedge_test_react_2/app/data/data.js","statementMap":{},"fnMap":{},"branchMap":{},"s":{},"f":{},"b":{},"_coverageSchema":"332fd63041d2c1bcb487cc26dd0d5f7d97098a6c","hash":"8a1442d3c88084a57a4a375b6c28dcac9ad8df8e"}
}
