{"/Users/apple/Desktop/quantedge_test_react_2/app/components/TblData.js": {"path":"/Users/apple/Desktop/quantedge_test_react_2/app/components/TblData.js","statementMap":{"0":{"start":{"line":10,"column":19},"end":{"line":10,"column":49}},"1":{"start":{"line":14,"column":8},"end":{"line":14,"column":21}},"2":{"start":{"line":15,"column":8},"end":{"line":18,"column":9}},"3":{"start":{"line":19,"column":8},"end":{"line":19,"column":45}},"4":{"start":{"line":22,"column":20},"end":{"line":22,"column":40}},"5":{"start":{"line":23,"column":8},"end":{"line":32,"column":10}},"6":{"start":{"line":24,"column":24},"end":{"line":24,"column":46}},"7":{"start":{"line":25,"column":31},"end":{"line":25,"column":83}},"8":{"start":{"line":26,"column":31},"end":{"line":26,"column":61}},"9":{"start":{"line":27,"column":12},"end":{"line":27,"column":88}},"10":{"start":{"line":28,"column":12},"end":{"line":28,"column":88}},"11":{"start":{"line":29,"column":32},"end":{"line":29,"column":93}},"12":{"start":{"line":30,"column":12},"end":{"line":30,"column":47}},"13":{"start":{"line":31,"column":12},"end":{"line":31,"column":67}},"14":{"start":{"line":33,"column":8},"end":{"line":36,"column":10}},"15":{"start":{"line":39,"column":8},"end":{"line":39,"column":39}},"16":{"start":{"line":43,"column":23},"end":{"line":68,"column":10}},"17":{"start":{"line":44,"column":12},"end":{"line":46,"column":13}},"18":{"start":{"line":45,"column":16},"end":{"line":45,"column":67}},"19":{"start":{"line":47,"column":12},"end":{"line":49,"column":13}},"20":{"start":{"line":48,"column":16},"end":{"line":48,"column":67}},"21":{"start":{"line":51,"column":28},"end":{"line":51,"column":38}},"22":{"start":{"line":52,"column":12},"end":{"line":54,"column":13}},"23":{"start":{"line":53,"column":16},"end":{"line":53,"column":39}},"24":{"start":{"line":55,"column":24},"end":{"line":55,"column":61}},"25":{"start":{"line":56,"column":12},"end":{"line":65,"column":13}},"26":{"start":{"line":67,"column":12},"end":{"line":67,"column":33}},"27":{"start":{"line":69,"column":8},"end":{"line":75,"column":9}}},"fnMap":{"0":{"name":"(anonymous_0)","decl":{"start":{"line":13,"column":4},"end":{"line":13,"column":5}},"loc":{"start":{"line":13,"column":30},"end":{"line":20,"column":5}},"line":13},"1":{"name":"(anonymous_1)","decl":{"start":{"line":21,"column":4},"end":{"line":21,"column":5}},"loc":{"start":{"line":21,"column":13},"end":{"line":37,"column":5}},"line":21},"2":{"name":"(anonymous_2)","decl":{"start":{"line":23,"column":18},"end":{"line":23,"column":19}},"loc":{"start":{"line":23,"column":26},"end":{"line":32,"column":9}},"line":23},"3":{"name":"(anonymous_3)","decl":{"start":{"line":38,"column":4},"end":{"line":38,"column":5}},"loc":{"start":{"line":38,"column":25},"end":{"line":41,"column":5}},"line":38},"4":{"name":"(anonymous_4)","decl":{"start":{"line":42,"column":4},"end":{"line":42,"column":5}},"loc":{"start":{"line":42,"column":13},"end":{"line":76,"column":5}},"line":42},"5":{"name":"(anonymous_5)","decl":{"start":{"line":43,"column":49},"end":{"line":43,"column":50}},"loc":{"start":{"line":43,"column":59},"end":{"line":50,"column":9}},"line":43},"6":{"name":"(anonymous_6)","decl":{"start":{"line":50,"column":15},"end":{"line":50,"column":16}},"loc":{"start":{"line":50,"column":32},"end":{"line":66,"column":9}},"line":50},"7":{"name":"(anonymous_7)","decl":{"start":{"line":66,"column":18},"end":{"line":66,"column":19}},"loc":{"start":{"line":66,"column":27},"end":{"line":68,"column":9}},"line":66}},"branchMap":{"0":{"loc":{"start":{"line":44,"column":12},"end":{"line":46,"column":13}},"type":"if","locations":[{"start":{"line":44,"column":12},"end":{"line":46,"column":13}},{"start":{"line":44,"column":12},"end":{"line":46,"column":13}}],"line":44},"1":{"loc":{"start":{"line":47,"column":12},"end":{"line":49,"column":13}},"type":"if","locations":[{"start":{"line":47,"column":12},"end":{"line":49,"column":13}},{"start":{"line":47,"column":12},"end":{"line":49,"column":13}}],"line":47},"2":{"loc":{"start":{"line":52,"column":12},"end":{"line":54,"column":13}},"type":"if","locations":[{"start":{"line":52,"column":12},"end":{"line":54,"column":13}},{"start":{"line":52,"column":12},"end":{"line":54,"column":13}}],"line":52}},"s":{"0":2,"1":1,"2":1,"3":1,"4":1,"5":1,"6":30,"7":30,"8":30,"9":30,"10":30,"11":30,"12":30,"13":30,"14":1,"15":1,"16":2,"17":60,"18":0,"19":60,"20":0,"21":60,"22":60,"23":19,"24":60,"25":60,"26":60,"27":2},"f":{"0":1,"1":1,"2":30,"3":1,"4":2,"5":60,"6":60,"7":60},"b":{"0":[0,60],"1":[0,60],"2":[19,41]},"_coverageSchema":"332fd63041d2c1bcb487cc26dd0d5f7d97098a6c","hash":"84a18167b00a317fa5a172811885ead4171cacaa"}
,"/Users/apple/Desktop/quantedge_test_react_2/app/components/TblHeader.js": {"path":"/Users/apple/Desktop/quantedge_test_react_2/app/components/TblHeader.js","statementMap":{"0":{"start":{"line":9,"column":18},"end":{"line":22,"column":1}},"1":{"start":{"line":10,"column":4},"end":{"line":21,"column":12}},"2":{"start":{"line":24,"column":0},"end":{"line":24,"column":27}}},"fnMap":{"0":{"name":"(anonymous_0)","decl":{"start":{"line":9,"column":18},"end":{"line":9,"column":19}},"loc":{"start":{"line":10,"column":4},"end":{"line":21,"column":12}},"line":10}},"branchMap":{},"s":{"0":3,"1":1,"2":3},"f":{"0":1},"b":{},"_coverageSchema":"332fd63041d2c1bcb487cc26dd0d5f7d97098a6c","hash":"d3aeb68a45280a75a2a9018b4847628b6684c150"}
,"/Users/apple/Desktop/quantedge_test_react_2/app/components/Wrapper.js": {"path":"/Users/apple/Desktop/quantedge_test_react_2/app/components/Wrapper.js","statementMap":{"0":{"start":{"line":7,"column":15},"end":{"line":15,"column":1}},"1":{"start":{"line":19,"column":8},"end":{"line":19,"column":21}},"2":{"start":{"line":20,"column":8},"end":{"line":22,"column":9}},"3":{"start":{"line":26,"column":8},"end":{"line":28,"column":10}},"4":{"start":{"line":32,"column":8},"end":{"line":47,"column":9}},"5":{"start":{"line":50,"column":0},"end":{"line":50,"column":25}}},"fnMap":{"0":{"name":"(anonymous_0)","decl":{"start":{"line":18,"column":4},"end":{"line":18,"column":5}},"loc":{"start":{"line":18,"column":22},"end":{"line":23,"column":5}},"line":18},"1":{"name":"(anonymous_1)","decl":{"start":{"line":25,"column":4},"end":{"line":25,"column":5}},"loc":{"start":{"line":25,"column":15},"end":{"line":29,"column":5}},"line":25},"2":{"name":"(anonymous_2)","decl":{"start":{"line":31,"column":4},"end":{"line":31,"column":5}},"loc":{"start":{"line":31,"column":13},"end":{"line":48,"column":5}},"line":31}},"branchMap":{},"s":{"0":2,"1":2,"2":2,"3":2,"4":4,"5":2},"f":{"0":2,"1":2,"2":4},"b":{},"_coverageSchema":"332fd63041d2c1bcb487cc26dd0d5f7d97098a6c","hash":"93a5707f5575e71936f6653f7353c883a88edde0"}
,"/Users/apple/Desktop/quantedge_test_react_2/app/data/data.js": {"path":"/Users/apple/Desktop/quantedge_test_react_2/app/data/data.js","statementMap":{},"fnMap":{},"branchMap":{},"s":{},"f":{},"b":{},"_coverageSchema":"332fd63041d2c1bcb487cc26dd0d5f7d97098a6c","hash":"8a1442d3c88084a57a4a375b6c28dcac9ad8df8e"}
}
