TN:
SF:/Users/apple/Desktop/quantedge_test_react_2/app/components/TblData.js
FN:13,(anonymous_0)
FN:21,(anonymous_1)
FN:23,(anonymous_2)
FN:38,(anonymous_3)
FN:42,(anonymous_4)
FN:43,(anonymous_5)
FN:50,(anonymous_6)
FN:66,(anonymous_7)
FNF:8
FNH:8
FNDA:1,(anonymous_0)
FNDA:1,(anonymous_1)
FNDA:30,(anonymous_2)
FNDA:1,(anonymous_3)
FNDA:2,(anonymous_4)
FNDA:60,(anonymous_5)
FNDA:60,(anonymous_6)
FNDA:60,(anonymous_7)
DA:10,2
DA:14,1
DA:15,1
DA:19,1
DA:22,1
DA:23,1
DA:24,30
DA:25,30
DA:26,30
DA:27,30
DA:28,30
DA:29,30
DA:30,30
DA:31,30
DA:33,1
DA:39,1
DA:43,2
DA:44,60
DA:45,0
DA:47,60
DA:48,0
DA:51,60
DA:52,60
DA:53,19
DA:55,60
DA:56,60
DA:67,60
DA:69,2
LF:28
LH:26
BRDA:44,0,0,0
BRDA:44,0,1,60
BRDA:47,1,0,0
BRDA:47,1,1,60
BRDA:52,2,0,19
BRDA:52,2,1,41
BRF:6
BRH:4
end_of_record
TN:
SF:/Users/apple/Desktop/quantedge_test_react_2/app/components/TblHeader.js
FN:9,(anonymous_0)
FNF:1
FNH:1
FNDA:1,(anonymous_0)
DA:9,3
DA:10,1
DA:24,3
LF:3
LH:3
BRF:0
BRH:0
end_of_record
TN:
SF:/Users/apple/Desktop/quantedge_test_react_2/app/components/Wrapper.js
FN:18,(anonymous_0)
FN:25,(anonymous_1)
FN:31,(anonymous_2)
FNF:3
FNH:3
FNDA:2,(anonymous_0)
FNDA:2,(anonymous_1)
FNDA:4,(anonymous_2)
DA:7,2
DA:19,2
DA:20,2
DA:26,2
DA:32,4
DA:50,2
LF:6
LH:6
BRF:0
BRH:0
end_of_record
TN:
SF:/Users/apple/Desktop/quantedge_test_react_2/app/data/data.js
FNF:0
FNH:0
LF:0
LH:0
BRF:0
BRH:0
end_of_record
