TN:
SF:/Users/apple/Desktop/quantedge_test_react_2/app/components/TblData.js
FN:14,(anonymous_0)
FN:23,(anonymous_1)
FN:26,(anonymous_2)
FN:41,(anonymous_3)
FN:45,(anonymous_4)
FN:46,(anonymous_5)
FN:53,(anonymous_6)
FNF:7
FNH:7
FNDA:1,(anonymous_0)
FNDA:1,(anonymous_1)
FNDA:30,(anonymous_2)
FNDA:1,(anonymous_3)
FNDA:2,(anonymous_4)
FNDA:245,(anonymous_5)
FNDA:60,(anonymous_6)
DA:10,2
DA:15,1
DA:16,1
DA:21,1
DA:24,1
DA:26,1
DA:27,30
DA:28,30
DA:29,30
DA:30,30
DA:31,30
DA:32,30
DA:33,30
DA:34,30
DA:36,1
DA:42,1
DA:46,2
DA:47,245
DA:48,0
DA:50,245
DA:51,245
DA:54,60
DA:55,60
DA:56,19
DA:58,60
DA:59,60
DA:71,2
LF:27
LH:26
BRDA:47,0,0,0
BRDA:47,0,1,245
BRDA:50,1,0,245
BRDA:50,1,1,0
BRDA:55,2,0,19
BRDA:55,2,1,41
BRF:6
BRH:4
end_of_record
TN:
SF:/Users/apple/Desktop/quantedge_test_react_2/app/components/TblHeader.js
FN:9,(anonymous_0)
FNF:1
FNH:1
FNDA:1,(anonymous_0)
DA:9,2
DA:10,1
DA:24,2
LF:3
LH:3
BRF:0
BRH:0
end_of_record
TN:
SF:/Users/apple/Desktop/quantedge_test_react_2/app/components/Wrapper.js
FN:17,(anonymous_0)
FN:24,(anonymous_1)
FN:31,(anonymous_2)
FNF:3
FNH:3
FNDA:1,(anonymous_0)
FNDA:1,(anonymous_1)
FNDA:2,(anonymous_2)
DA:6,1
DA:18,1
DA:19,1
DA:25,1
DA:28,1
DA:32,2
DA:50,1
LF:7
LH:7
BRF:0
BRH:0
end_of_record
TN:
SF:/Users/apple/Desktop/quantedge_test_react_2/app/data/data.js
FNF:0
FNH:0
LF:0
LH:0
BRF:0
BRH:0
end_of_record
